#
# There is insufficient memory for the Java Runtime Environment to continue.
# Native memory allocation (malloc) failed to allocate 796944 bytes for Chunk::new
# Possible reasons:
#   The system is out of physical RAM or swap space
#   The process is running with CompressedOops enabled, and the Java Heap may be blocking the growth of the native heap
# Possible solutions:
#   Reduce memory load on the system
#   Increase physical memory or swap space
#   Check if swap backing store is full
#   Decrease Java heap size (-Xmx/-Xms)
#   Decrease number of Java threads
#   Decrease Java thread stack sizes (-Xss)
#   Set larger code cache with -XX:ReservedCodeCacheSize=
#   JVM is running with Zero Based Compressed Oops mode in which the Java heap is
#     placed in the first 32GB address space. The Java Heap base address is the
#     maximum limit for the native heap growth. Please use -XX:HeapBaseMinAddress
#     to set the Java Heap base and to place the Java Heap above 32GB virtual address.
# This output file may be truncated or incomplete.
#
#  Out of Memory Error (arena.cpp:184), pid=27096, tid=11828
#
# JRE version: Java(TM) SE Runtime Environment (20.0.1+9) (build 20.0.1+9-29)
# Java VM: Java HotSpot(TM) 64-Bit Server VM (20.0.1+9-29, mixed mode, sharing, tiered, compressed oops, compressed class ptrs, g1 gc, windows-amd64)
# No core dump will be written. Minidumps are not enabled by default on client versions of Windows
#

---------------  S U M M A R Y ------------

Command Line: -javaagent:C:\Program Files\JetBrains\IntelliJ IDEA Community Edition 2023.1.2\lib\idea_rt.jar=49979:C:\Program Files\JetBrains\IntelliJ IDEA Community Edition 2023.1.2\bin -Dfile.encoding=UTF-8 -Dsun.stdout.encoding=UTF-8 -Dsun.stderr.encoding=UTF-8 com.product.ProductServcie.ProductServcieApplication

Host: Intel(R) Core(TM) i7-8550U CPU @ 1.80GHz, 8 cores, 15G,  Windows 10 , 64 bit Build 19041 (10.0.19041.3155)
Time: Fri Jul 21 17:13:56 2023 India Standard Time elapsed time: 2993.904456 seconds (0d 0h 49m 53s)

---------------  T H R E A D  ---------------

Current thread (0x000001c0842a54b0):  JavaThread "C2 CompilerThread0" daemon [_thread_in_native, id=11828, stack(0x0000009710000000,0x0000009710100000)]


Current CompileTask:
C2:2993904 11778   !   4       org.apache.coyote.AbstractProtocol$ConnectionHandler::process (1281 bytes)

Stack: [0x0000009710000000,0x0000009710100000]
Native frames: (J=compiled Java code, j=interpreted, Vv=VM code, C=native code)
V  [jvm.dll+0x6bb95a]
V  [jvm.dll+0x8485fa]
V  [jvm.dll+0x84a1f5]
V  [jvm.dll+0x84a8f3]
V  [jvm.dll+0x280b0f]
V  [jvm.dll+0xc2b11]
V  [jvm.dll+0xc2e35]
V  [jvm.dll+0x3bb17c]
V  [jvm.dll+0x3857f5]
V  [jvm.dll+0x384c6a]
V  [jvm.dll+0x24b259]
V  [jvm.dll+0x24a651]
V  [jvm.dll+0x1ce491]
V  [jvm.dll+0x259e1b]
V  [jvm.dll+0x2584f0]
V  [jvm.dll+0x3f2895]
V  [jvm.dll+0x7f4b56]
V  [jvm.dll+0x6ba5cb]
C  [ucrtbase.dll+0x21bb2]
C  [KERNEL32.DLL+0x17614]
C  [ntdll.dll+0x526b1]


---------------  P R O C E S S  ---------------

Threads class SMR info:
_java_thread_list=0x000001c08b599e40, length=34, elements={
0x000001c084297e30, 0x000001c084298a30, 0x000001c08429a760, 0x000001c08429b0a0,
0x000001c08429c9f0, 0x000001c08429d330, 0x000001c0842a54b0, 0x000001c0842b1e50,
0x000001c0884fd440, 0x000001c088996fa0, 0x000001c0886a1300, 0x000001c08a64a800,
0x000001c08a649810, 0x000001c08a649d60, 0x000001c08a64bd40, 0x000001c08a64c7e0,
0x000001c08d1f1f80, 0x000001c08d1f14e0, 0x000001c08d1f1a30, 0x000001c08d1f24d0,
0x000001c08d1f2a20, 0x000001c08d1f04f0, 0x000001c08d1f0a40, 0x000001c08a64a2b0,
0x000001c08e15f7c0, 0x000001c08e15e7d0, 0x000001c08e15ed20, 0x000001c08e1617a0,
0x000001c08e15d290, 0x000001c08e15bd50, 0x000001c08e15c7f0, 0x000001c08e15fd10,
0x000001c08a6492c0, 0x000001c0893a1f00
}

Java Threads: ( => current thread )
  0x000001c084297e30 JavaThread "Reference Handler" daemon [_thread_blocked, id=25920, stack(0x000000970fa00000,0x000000970fb00000)]
  0x000001c084298a30 JavaThread "Finalizer" daemon [_thread_blocked, id=6856, stack(0x000000970fb00000,0x000000970fc00000)]
  0x000001c08429a760 JavaThread "Signal Dispatcher" daemon [_thread_blocked, id=19164, stack(0x000000970fc00000,0x000000970fd00000)]
  0x000001c08429b0a0 JavaThread "Attach Listener" daemon [_thread_blocked, id=20508, stack(0x000000970fd00000,0x000000970fe00000)]
  0x000001c08429c9f0 JavaThread "Service Thread" daemon [_thread_blocked, id=17996, stack(0x000000970fe00000,0x000000970ff00000)]
  0x000001c08429d330 JavaThread "Monitor Deflation Thread" daemon [_thread_blocked, id=24568, stack(0x000000970ff00000,0x0000009710000000)]
=>0x000001c0842a54b0 JavaThread "C2 CompilerThread0" daemon [_thread_in_native, id=11828, stack(0x0000009710000000,0x0000009710100000)]
  0x000001c0842b1e50 JavaThread "C1 CompilerThread0" daemon [_thread_blocked, id=22312, stack(0x0000009710100000,0x0000009710200000)]
  0x000001c0884fd440 JavaThread "Common-Cleaner" daemon [_thread_blocked, id=15788, stack(0x0000009710200000,0x0000009710300000)]
  0x000001c088996fa0 JavaThread "Monitor Ctrl-Break" daemon [_thread_in_native, id=11908, stack(0x0000009710400000,0x0000009710500000)]
  0x000001c0886a1300 JavaThread "Notification Thread" daemon [_thread_blocked, id=18068, stack(0x0000009710500000,0x0000009710600000)]
  0x000001c08a64a800 JavaThread "Catalina-utility-1" [_thread_blocked, id=5848, stack(0x0000009711200000,0x0000009711300000)]
  0x000001c08a649810 JavaThread "Catalina-utility-2" [_thread_blocked, id=22308, stack(0x0000009711300000,0x0000009711400000)]
  0x000001c08a649d60 JavaThread "container-0" [_thread_blocked, id=23976, stack(0x0000009711400000,0x0000009711500000)]
  0x000001c08a64bd40 JavaThread "mysql-cj-abandoned-connection-cleanup" daemon [_thread_blocked, id=15320, stack(0x0000009711500000,0x0000009711600000)]
  0x000001c08a64c7e0 JavaThread "HikariPool-1 housekeeper" daemon [_thread_blocked, id=18972, stack(0x0000009711700000,0x0000009711800000)]
  0x000001c08d1f1f80 JavaThread "File Watcher" daemon [_thread_blocked, id=24788, stack(0x0000009711900000,0x0000009711a00000)]
  0x000001c08d1f14e0 JavaThread "Live Reload Server" daemon [_thread_in_native, id=4784, stack(0x0000009711b00000,0x0000009711c00000)]
  0x000001c08d1f1a30 JavaThread "spring.cloud.inetutils" daemon [_thread_blocked, id=4712, stack(0x0000009711a00000,0x0000009711b00000)]
  0x000001c08d1f24d0 JavaThread "http-nio-9091-exec-1" daemon [_thread_blocked, id=12412, stack(0x0000009711c00000,0x0000009711d00000)]
  0x000001c08d1f2a20 JavaThread "http-nio-9091-exec-2" daemon [_thread_blocked, id=15244, stack(0x0000009711d00000,0x0000009711e00000)]
  0x000001c08d1f04f0 JavaThread "http-nio-9091-exec-3" daemon [_thread_blocked, id=15108, stack(0x0000009711e00000,0x0000009711f00000)]
  0x000001c08d1f0a40 JavaThread "http-nio-9091-exec-4" daemon [_thread_blocked, id=26668, stack(0x0000009711f00000,0x0000009712000000)]
  0x000001c08a64a2b0 JavaThread "http-nio-9091-exec-5" daemon [_thread_blocked, id=26700, stack(0x0000009712000000,0x0000009712100000)]
  0x000001c08e15f7c0 JavaThread "http-nio-9091-exec-6" daemon [_thread_blocked, id=12328, stack(0x0000009712100000,0x0000009712200000)]
  0x000001c08e15e7d0 JavaThread "http-nio-9091-exec-7" daemon [_thread_blocked, id=23644, stack(0x0000009712200000,0x0000009712300000)]
  0x000001c08e15ed20 JavaThread "http-nio-9091-exec-8" daemon [_thread_blocked, id=20944, stack(0x0000009712300000,0x0000009712400000)]
  0x000001c08e1617a0 JavaThread "http-nio-9091-exec-9" daemon [_thread_blocked, id=10900, stack(0x0000009712400000,0x0000009712500000)]
  0x000001c08e15d290 JavaThread "http-nio-9091-exec-10" daemon [_thread_blocked, id=19632, stack(0x0000009712500000,0x0000009712600000)]
  0x000001c08e15bd50 JavaThread "http-nio-9091-Poller" daemon [_thread_in_native, id=19068, stack(0x0000009712600000,0x0000009712700000)]
  0x000001c08e15c7f0 JavaThread "http-nio-9091-Acceptor" daemon [_thread_in_native, id=13736, stack(0x0000009712700000,0x0000009712800000)]
  0x000001c08e15fd10 JavaThread "DestroyJavaVM" [_thread_blocked, id=25264, stack(0x000000970f300000,0x000000970f400000)]
  0x000001c08a6492c0 JavaThread "HikariPool-1 connection adder" daemon [_thread_blocked, id=22176, stack(0x000000970f100000,0x000000970f200000)]
  0x000001c0893a1f00 JavaThread "C2 CompilerThread1" daemon [_thread_blocked, id=11212, stack(0x000000970f000000,0x000000970f100000)]

Other Threads:
  0x000001c084277510 VMThread "VM Thread" [stack: 0x000000970f900000,0x000000970fa00000] [id=24624]
  0x000001c0887f8c20 WatcherThread "VM Periodic Task Thread" [stack: 0x0000009710600000,0x0000009710700000] [id=25256]
  0x000001c0e4c4c6f0 WorkerThread "GC Thread#0" [stack: 0x000000970f400000,0x000000970f500000] [id=27988]
  0x000001c088c888f0 WorkerThread "GC Thread#1" [stack: 0x0000009710700000,0x0000009710800000] [id=25288]
  0x000001c088c88620 WorkerThread "GC Thread#2" [stack: 0x0000009710800000,0x0000009710900000] [id=21560]
  0x000001c088c89700 WorkerThread "GC Thread#3" [stack: 0x0000009710900000,0x0000009710a00000] [id=11400]
  0x000001c088c88080 WorkerThread "GC Thread#4" [stack: 0x0000009710a00000,0x0000009710b00000] [id=28024]
  0x000001c088c88bc0 WorkerThread "GC Thread#5" [stack: 0x0000009710b00000,0x0000009710c00000] [id=28424]
  0x000001c088c88e90 WorkerThread "GC Thread#6" [stack: 0x0000009710e00000,0x0000009710f00000] [id=22448]
  0x000001c088c89160 WorkerThread "GC Thread#7" [stack: 0x0000009710f00000,0x0000009711000000] [id=19660]
  0x000001c0e4c5d400 ConcurrentGCThread "G1 Main Marker" [stack: 0x000000970f500000,0x000000970f600000] [id=5560]
  0x000001c0e4c5f7c0 WorkerThread "G1 Conc#0" [stack: 0x000000970f600000,0x000000970f700000] [id=2368]
  0x000001c088c899d0 WorkerThread "G1 Conc#1" [stack: 0x0000009711100000,0x0000009711200000] [id=15524]
  0x000001c0e4c8e7b0 ConcurrentGCThread "G1 Refine#0" [stack: 0x000000970f700000,0x000000970f800000] [id=28612]
  0x000001c084122d60 ConcurrentGCThread "G1 Service" [stack: 0x000000970f800000,0x000000970f900000] [id=23824]

Threads with active compile tasks:
C2 CompilerThread0  2995424 11778   !   4       org.apache.coyote.AbstractProtocol$ConnectionHandler::process (1281 bytes)

VM state: not at safepoint (normal execution)

VM Mutex/Monitor currently owned by a thread: None

Heap address: 0x0000000701a00000, size: 4070 MB, Compressed Oops mode: Zero based, Oop shift amount: 3

CDS archive(s) mapped at: [0x0000000800000000-0x0000000800c60000-0x0000000800c60000), size 12976128, SharedBaseAddress: 0x0000000800000000, ArchiveRelocationMode: 0.
Compressed class space mapped at: 0x0000000801000000-0x0000000841000000, reserved size: 1073741824
Narrow klass base: 0x0000000800000000, Narrow klass shift: 0, Narrow klass range: 0x100000000

GC Precious Log:
 CardTable entry size: 512
 Card Set container configuration: InlinePtr #cards 4 size 8 Array Of Cards #cards 16 size 48 Howl #buckets 8 coarsen threshold 3686 Howl Bitmap #cards 512 size 80 coarsen threshold 460 Card regions per heap region 1 cards per card region 4096
 CPUs: 8 total, 8 available
 Memory: 16275M
 Large Page Support: Disabled
 NUMA Support: Disabled
 Compressed Oops: Enabled (Zero based)
 Heap Region Size: 2M
 Heap Min Capacity: 8M
 Heap Initial Capacity: 256M
 Heap Max Capacity: 4070M
 Pre-touch: Disabled
 Parallel Workers: 8
 Concurrent Workers: 2
 Concurrent Refinement Workers: 8
 Periodic GC: Disabled

Heap:
 garbage-first heap   total 212992K, used 78822K [0x0000000701a00000, 0x0000000800000000)
  region size 2048K, 24 young (49152K), 2 survivors (4096K)
 Metaspace       used 76144K, committed 76928K, reserved 1179648K
  class space    used 9930K, committed 10304K, reserved 1048576K

Heap Regions: E=young(eden), S=young(survivor), O=old, HS=humongous(starts), HC=humongous(continues), CS=collection set, F=free, OA=open archive, CA=closed archive, TAMS=top-at-mark-start, PB=parsable bottom
|   0|0x0000000701a00000, 0x0000000701c00000, 0x0000000701c00000|100%| O|  |TAMS 0x0000000701a00000| PB 0x0000000701a00000| Untracked 
|   1|0x0000000701c00000, 0x0000000701e00000, 0x0000000701e00000|100%| O|  |TAMS 0x0000000701c00000| PB 0x0000000701c00000| Untracked 
|   2|0x0000000701e00000, 0x0000000702000000, 0x0000000702000000|100%| O|  |TAMS 0x0000000701e00000| PB 0x0000000701e00000| Untracked 
|   3|0x0000000702000000, 0x0000000702200000, 0x0000000702200000|100%| O|  |TAMS 0x0000000702000000| PB 0x0000000702000000| Untracked 
|   4|0x0000000702200000, 0x0000000702400000, 0x0000000702400000|100%| O|  |TAMS 0x0000000702200000| PB 0x0000000702200000| Untracked 
|   5|0x0000000702400000, 0x0000000702600000, 0x0000000702600000|100%| O|  |TAMS 0x0000000702400000| PB 0x0000000702400000| Untracked 
|   6|0x0000000702600000, 0x000000070264cc00, 0x0000000702800000| 14%| O|  |TAMS 0x0000000702600000| PB 0x0000000702600000| Untracked 
|   7|0x0000000702800000, 0x0000000702a00000, 0x0000000702a00000|100%| O|  |TAMS 0x0000000702800000| PB 0x0000000702800000| Untracked 
|   8|0x0000000702a00000, 0x0000000702c00000, 0x0000000702c00000|100%| O|  |TAMS 0x0000000702a00000| PB 0x0000000702a00000| Untracked 
|   9|0x0000000702c00000, 0x0000000702e00000, 0x0000000702e00000|100%| O|  |TAMS 0x0000000702c00000| PB 0x0000000702c00000| Untracked 
|  10|0x0000000702e00000, 0x0000000702e00000, 0x0000000703000000|  0%| F|  |TAMS 0x0000000702e00000| PB 0x0000000702e00000| Untracked 
|  11|0x0000000703000000, 0x0000000703200000, 0x0000000703200000|100%| O|  |TAMS 0x0000000703000000| PB 0x0000000703000000| Untracked 
|  12|0x0000000703200000, 0x0000000703400000, 0x0000000703400000|100%| O|  |TAMS 0x0000000703200000| PB 0x0000000703200000| Untracked 
|  13|0x0000000703400000, 0x0000000703600000, 0x0000000703600000|100%| O|  |TAMS 0x0000000703400000| PB 0x0000000703400000| Untracked 
|  14|0x0000000703600000, 0x0000000703800000, 0x0000000703800000|100%| O|  |TAMS 0x0000000703600000| PB 0x0000000703600000| Untracked 
|  15|0x0000000703800000, 0x0000000703a00000, 0x0000000703a00000|100%| O|  |TAMS 0x0000000703800000| PB 0x0000000703800000| Untracked 
|  16|0x0000000703a00000, 0x0000000703c00000, 0x0000000703c00000|100%| O|  |TAMS 0x0000000703a00000| PB 0x0000000703a00000| Untracked 
|  17|0x0000000703c00000, 0x0000000703e00000, 0x0000000703e00000|100%| O|  |TAMS 0x0000000703c00000| PB 0x0000000703c00000| Untracked 
|  18|0x0000000703e00000, 0x0000000703e00000, 0x0000000704000000|  0%| F|  |TAMS 0x0000000703e00000| PB 0x0000000703e00000| Untracked 
|  19|0x0000000704000000, 0x0000000704000000, 0x0000000704200000|  0%| F|  |TAMS 0x0000000704000000| PB 0x0000000704000000| Untracked 
|  20|0x0000000704200000, 0x0000000704200000, 0x0000000704400000|  0%| F|  |TAMS 0x0000000704200000| PB 0x0000000704200000| Untracked 
|  21|0x0000000704400000, 0x0000000704400000, 0x0000000704600000|  0%| F|  |TAMS 0x0000000704400000| PB 0x0000000704400000| Untracked 
|  22|0x0000000704600000, 0x0000000704600000, 0x0000000704800000|  0%| F|  |TAMS 0x0000000704600000| PB 0x0000000704600000| Untracked 
|  23|0x0000000704800000, 0x0000000704800000, 0x0000000704a00000|  0%| F|  |TAMS 0x0000000704800000| PB 0x0000000704800000| Untracked 
|  24|0x0000000704a00000, 0x0000000704a00000, 0x0000000704c00000|  0%| F|  |TAMS 0x0000000704a00000| PB 0x0000000704a00000| Untracked 
|  25|0x0000000704c00000, 0x0000000704c00000, 0x0000000704e00000|  0%| F|  |TAMS 0x0000000704c00000| PB 0x0000000704c00000| Untracked 
|  26|0x0000000704e00000, 0x0000000704e00000, 0x0000000705000000|  0%| F|  |TAMS 0x0000000704e00000| PB 0x0000000704e00000| Untracked 
|  27|0x0000000705000000, 0x0000000705000000, 0x0000000705200000|  0%| F|  |TAMS 0x0000000705000000| PB 0x0000000705000000| Untracked 
|  28|0x0000000705200000, 0x0000000705200000, 0x0000000705400000|  0%| F|  |TAMS 0x0000000705200000| PB 0x0000000705200000| Untracked 
|  29|0x0000000705400000, 0x0000000705400000, 0x0000000705600000|  0%| F|  |TAMS 0x0000000705400000| PB 0x0000000705400000| Untracked 
|  30|0x0000000705600000, 0x0000000705600000, 0x0000000705800000|  0%| F|  |TAMS 0x0000000705600000| PB 0x0000000705600000| Untracked 
|  31|0x0000000705800000, 0x0000000705800000, 0x0000000705a00000|  0%| F|  |TAMS 0x0000000705800000| PB 0x0000000705800000| Untracked 
|  32|0x0000000705a00000, 0x0000000705a00000, 0x0000000705c00000|  0%| F|  |TAMS 0x0000000705a00000| PB 0x0000000705a00000| Untracked 
|  33|0x0000000705c00000, 0x0000000705c00000, 0x0000000705e00000|  0%| F|  |TAMS 0x0000000705c00000| PB 0x0000000705c00000| Untracked 
|  34|0x0000000705e00000, 0x0000000705e00000, 0x0000000706000000|  0%| F|  |TAMS 0x0000000705e00000| PB 0x0000000705e00000| Untracked 
|  35|0x0000000706000000, 0x0000000706000000, 0x0000000706200000|  0%| F|  |TAMS 0x0000000706000000| PB 0x0000000706000000| Untracked 
|  36|0x0000000706200000, 0x0000000706200000, 0x0000000706400000|  0%| F|  |TAMS 0x0000000706200000| PB 0x0000000706200000| Untracked 
|  37|0x0000000706400000, 0x0000000706400000, 0x0000000706600000|  0%| F|  |TAMS 0x0000000706400000| PB 0x0000000706400000| Untracked 
|  38|0x0000000706600000, 0x0000000706600000, 0x0000000706800000|  0%| F|  |TAMS 0x0000000706600000| PB 0x0000000706600000| Untracked 
|  39|0x0000000706800000, 0x00000007068accb0, 0x0000000706a00000| 33%| S|CS|TAMS 0x0000000706800000| PB 0x0000000706800000| Complete 
|  40|0x0000000706a00000, 0x0000000706a00000, 0x0000000706c00000|  0%| F|  |TAMS 0x0000000706a00000| PB 0x0000000706a00000| Untracked 
|  41|0x0000000706c00000, 0x0000000706e00000, 0x0000000706e00000|100%| S|CS|TAMS 0x0000000706c00000| PB 0x0000000706c00000| Complete 
|  42|0x0000000706e00000, 0x0000000706e00000, 0x0000000707000000|  0%| F|  |TAMS 0x0000000706e00000| PB 0x0000000706e00000| Untracked 
|  43|0x0000000707000000, 0x0000000707000000, 0x0000000707200000|  0%| F|  |TAMS 0x0000000707000000| PB 0x0000000707000000| Untracked 
|  44|0x0000000707200000, 0x0000000707200000, 0x0000000707400000|  0%| F|  |TAMS 0x0000000707200000| PB 0x0000000707200000| Untracked 
|  45|0x0000000707400000, 0x0000000707400000, 0x0000000707600000|  0%| F|  |TAMS 0x0000000707400000| PB 0x0000000707400000| Untracked 
|  46|0x0000000707600000, 0x0000000707600000, 0x0000000707800000|  0%| F|  |TAMS 0x0000000707600000| PB 0x0000000707600000| Untracked 
|  47|0x0000000707800000, 0x0000000707800000, 0x0000000707a00000|  0%| F|  |TAMS 0x0000000707800000| PB 0x0000000707800000| Untracked 
|  48|0x0000000707a00000, 0x0000000707a00000, 0x0000000707c00000|  0%| F|  |TAMS 0x0000000707a00000| PB 0x0000000707a00000| Untracked 
|  49|0x0000000707c00000, 0x0000000707c00000, 0x0000000707e00000|  0%| F|  |TAMS 0x0000000707c00000| PB 0x0000000707c00000| Untracked 
|  50|0x0000000707e00000, 0x0000000707e00000, 0x0000000708000000|  0%| F|  |TAMS 0x0000000707e00000| PB 0x0000000707e00000| Untracked 
|  51|0x0000000708000000, 0x0000000708000000, 0x0000000708200000|  0%| F|  |TAMS 0x0000000708000000| PB 0x0000000708000000| Untracked 
|  52|0x0000000708200000, 0x0000000708200000, 0x0000000708400000|  0%| F|  |TAMS 0x0000000708200000| PB 0x0000000708200000| Untracked 
|  53|0x0000000708400000, 0x0000000708400000, 0x0000000708600000|  0%| F|  |TAMS 0x0000000708400000| PB 0x0000000708400000| Untracked 
|  54|0x0000000708600000, 0x0000000708600000, 0x0000000708800000|  0%| F|  |TAMS 0x0000000708600000| PB 0x0000000708600000| Untracked 
|  55|0x0000000708800000, 0x0000000708800000, 0x0000000708a00000|  0%| F|  |TAMS 0x0000000708800000| PB 0x0000000708800000| Untracked 
|  56|0x0000000708a00000, 0x0000000708a00000, 0x0000000708c00000|  0%| F|  |TAMS 0x0000000708a00000| PB 0x0000000708a00000| Untracked 
|  57|0x0000000708c00000, 0x0000000708c00000, 0x0000000708e00000|  0%| F|  |TAMS 0x0000000708c00000| PB 0x0000000708c00000| Untracked 
|  58|0x0000000708e00000, 0x0000000708e00000, 0x0000000709000000|  0%| F|  |TAMS 0x0000000708e00000| PB 0x0000000708e00000| Untracked 
|  59|0x0000000709000000, 0x0000000709000000, 0x0000000709200000|  0%| F|  |TAMS 0x0000000709000000| PB 0x0000000709000000| Untracked 
|  60|0x0000000709200000, 0x0000000709200000, 0x0000000709400000|  0%| F|  |TAMS 0x0000000709200000| PB 0x0000000709200000| Untracked 
|  61|0x0000000709400000, 0x0000000709400000, 0x0000000709600000|  0%| F|  |TAMS 0x0000000709400000| PB 0x0000000709400000| Untracked 
|  62|0x0000000709600000, 0x0000000709600000, 0x0000000709800000|  0%| F|  |TAMS 0x0000000709600000| PB 0x0000000709600000| Untracked 
|  63|0x0000000709800000, 0x0000000709800000, 0x0000000709a00000|  0%| F|  |TAMS 0x0000000709800000| PB 0x0000000709800000| Untracked 
|  64|0x0000000709a00000, 0x0000000709a00000, 0x0000000709c00000|  0%| F|  |TAMS 0x0000000709a00000| PB 0x0000000709a00000| Untracked 
|  65|0x0000000709c00000, 0x0000000709c00000, 0x0000000709e00000|  0%| F|  |TAMS 0x0000000709c00000| PB 0x0000000709c00000| Untracked 
|  66|0x0000000709e00000, 0x0000000709e00000, 0x000000070a000000|  0%| F|  |TAMS 0x0000000709e00000| PB 0x0000000709e00000| Untracked 
|  67|0x000000070a000000, 0x000000070a000000, 0x000000070a200000|  0%| F|  |TAMS 0x000000070a000000| PB 0x000000070a000000| Untracked 
|  68|0x000000070a200000, 0x000000070a200000, 0x000000070a400000|  0%| F|  |TAMS 0x000000070a200000| PB 0x000000070a200000| Untracked 
|  69|0x000000070a400000, 0x000000070a400000, 0x000000070a600000|  0%| F|  |TAMS 0x000000070a400000| PB 0x000000070a400000| Untracked 
|  70|0x000000070a600000, 0x000000070a600000, 0x000000070a800000|  0%| F|  |TAMS 0x000000070a600000| PB 0x000000070a600000| Untracked 
|  71|0x000000070a800000, 0x000000070a800000, 0x000000070aa00000|  0%| F|  |TAMS 0x000000070a800000| PB 0x000000070a800000| Untracked 
|  72|0x000000070aa00000, 0x000000070aa00000, 0x000000070ac00000|  0%| F|  |TAMS 0x000000070aa00000| PB 0x000000070aa00000| Untracked 
|  73|0x000000070ac00000, 0x000000070ac00000, 0x000000070ae00000|  0%| F|  |TAMS 0x000000070ac00000| PB 0x000000070ac00000| Untracked 
|  74|0x000000070ae00000, 0x000000070ae00000, 0x000000070b000000|  0%| F|  |TAMS 0x000000070ae00000| PB 0x000000070ae00000| Untracked 
|  75|0x000000070b000000, 0x000000070b000000, 0x000000070b200000|  0%| F|  |TAMS 0x000000070b000000| PB 0x000000070b000000| Untracked 
|  76|0x000000070b200000, 0x000000070b200000, 0x000000070b400000|  0%| F|  |TAMS 0x000000070b200000| PB 0x000000070b200000| Untracked 
|  77|0x000000070b400000, 0x000000070b400000, 0x000000070b600000|  0%| F|  |TAMS 0x000000070b400000| PB 0x000000070b400000| Untracked 
|  78|0x000000070b600000, 0x000000070b600000, 0x000000070b800000|  0%| F|  |TAMS 0x000000070b600000| PB 0x000000070b600000| Untracked 
|  79|0x000000070b800000, 0x000000070b800000, 0x000000070ba00000|  0%| F|  |TAMS 0x000000070b800000| PB 0x000000070b800000| Untracked 
|  80|0x000000070ba00000, 0x000000070ba00000, 0x000000070bc00000|  0%| F|  |TAMS 0x000000070ba00000| PB 0x000000070ba00000| Untracked 
|  81|0x000000070bc00000, 0x000000070bcf6808, 0x000000070be00000| 48%| E|  |TAMS 0x000000070bc00000| PB 0x000000070bc00000| Complete 
|  82|0x000000070be00000, 0x000000070bfdc238, 0x000000070c000000| 92%| E|  |TAMS 0x000000070be00000| PB 0x000000070be00000| Complete 
|  83|0x000000070c000000, 0x000000070c200000, 0x000000070c200000|100%| E|CS|TAMS 0x000000070c000000| PB 0x000000070c000000| Complete 
|  84|0x000000070c200000, 0x000000070c400000, 0x000000070c400000|100%| E|CS|TAMS 0x000000070c200000| PB 0x000000070c200000| Complete 
|  85|0x000000070c400000, 0x000000070c600000, 0x000000070c600000|100%| E|CS|TAMS 0x000000070c400000| PB 0x000000070c400000| Complete 
|  86|0x000000070c600000, 0x000000070c800000, 0x000000070c800000|100%| E|CS|TAMS 0x000000070c600000| PB 0x000000070c600000| Complete 
|  87|0x000000070c800000, 0x000000070ca00000, 0x000000070ca00000|100%| E|CS|TAMS 0x000000070c800000| PB 0x000000070c800000| Complete 
|  88|0x000000070ca00000, 0x000000070cc00000, 0x000000070cc00000|100%| E|CS|TAMS 0x000000070ca00000| PB 0x000000070ca00000| Complete 
|  89|0x000000070cc00000, 0x000000070ce00000, 0x000000070ce00000|100%| E|CS|TAMS 0x000000070cc00000| PB 0x000000070cc00000| Complete 
|  90|0x000000070ce00000, 0x000000070d000000, 0x000000070d000000|100%| E|CS|TAMS 0x000000070ce00000| PB 0x000000070ce00000| Complete 
| 112|0x000000070fa00000, 0x000000070fc00000, 0x000000070fc00000|100%| E|CS|TAMS 0x000000070fa00000| PB 0x000000070fa00000| Complete 
| 113|0x000000070fc00000, 0x000000070fe00000, 0x000000070fe00000|100%| E|CS|TAMS 0x000000070fc00000| PB 0x000000070fc00000| Complete 
| 114|0x000000070fe00000, 0x0000000710000000, 0x0000000710000000|100%| E|CS|TAMS 0x000000070fe00000| PB 0x000000070fe00000| Complete 
| 115|0x0000000710000000, 0x0000000710200000, 0x0000000710200000|100%| E|CS|TAMS 0x0000000710000000| PB 0x0000000710000000| Complete 
| 135|0x0000000712800000, 0x0000000712a00000, 0x0000000712a00000|100%| E|CS|TAMS 0x0000000712800000| PB 0x0000000712800000| Complete 
| 136|0x0000000712a00000, 0x0000000712c00000, 0x0000000712c00000|100%| E|CS|TAMS 0x0000000712a00000| PB 0x0000000712a00000| Complete 
| 137|0x0000000712c00000, 0x0000000712e00000, 0x0000000712e00000|100%| E|CS|TAMS 0x0000000712c00000| PB 0x0000000712c00000| Complete 
| 138|0x0000000712e00000, 0x0000000713000000, 0x0000000713000000|100%| E|CS|TAMS 0x0000000712e00000| PB 0x0000000712e00000| Complete 
| 139|0x0000000713000000, 0x0000000713200000, 0x0000000713200000|100%| E|CS|TAMS 0x0000000713000000| PB 0x0000000713000000| Complete 
| 140|0x0000000713200000, 0x0000000713400000, 0x0000000713400000|100%| E|CS|TAMS 0x0000000713200000| PB 0x0000000713200000| Complete 
| 141|0x0000000713400000, 0x0000000713600000, 0x0000000713600000|100%| E|CS|TAMS 0x0000000713400000| PB 0x0000000713400000| Complete 
| 142|0x0000000713600000, 0x0000000713800000, 0x0000000713800000|100%| E|CS|TAMS 0x0000000713600000| PB 0x0000000713600000| Complete 
|2034|0x00000007ffe00000, 0x0000000800000000, 0x0000000800000000|100%| O|  |TAMS 0x00000007ffe00000| PB 0x00000007ffe00000| Untracked 

Card table byte_map: [0x000001c0fc7c0000,0x000001c0fcfc0000] _byte_map_base: 0x000001c0f8fb3000

Marking Bits: (CMBitMap*) 0x000001c0e4c4cb30
 Bits: [0x000001c080000000, 0x000001c083f98000)

Polling page: 0x000001c0e2b30000

Metaspace:

Usage:
  Non-class:     64.66 MB used.
      Class:      9.70 MB used.
       Both:     74.36 MB used.

Virtual space:
  Non-class space:      128.00 MB reserved,      65.06 MB ( 51%) committed,  2 nodes.
      Class space:        1.00 GB reserved,      10.06 MB ( <1%) committed,  1 nodes.
             Both:        1.12 GB reserved,      75.12 MB (  7%) committed. 

Chunk freelists:
   Non-Class:  2.78 MB
       Class:  1.87 MB
        Both:  4.66 MB

MaxMetaspaceSize: unlimited
CompressedClassSpaceSize: 1.00 GB
Initial GC threshold: 21.00 MB
Current GC threshold: 124.94 MB
CDS: on
MetaspaceReclaimPolicy: balanced
 - commit_granule_bytes: 65536.
 - commit_granule_words: 8192.
 - virtual_space_node_default_size: 8388608.
 - enlarge_chunks_in_place: 1.
 - new_chunks_are_fully_committed: 0.
 - uncommit_free_chunks: 1.
 - use_allocation_guard: 0.


Internal statistics:

num_allocs_failed_limit: 9.
num_arena_births: 958.
num_arena_deaths: 0.
num_vsnodes_births: 3.
num_vsnodes_deaths: 0.
num_space_committed: 1202.
num_space_uncommitted: 0.
num_chunks_returned_to_freelist: 9.
num_chunks_taken_from_freelist: 3606.
num_chunk_merges: 9.
num_chunk_splits: 2604.
num_chunks_enlarged: 2052.
num_inconsistent_stats: 0.

CodeHeap 'non-profiled nmethods': size=120000Kb used=6709Kb max_used=6709Kb free=113291Kb
 bounds [0x000001c0f4750000, 0x000001c0f4de0000, 0x000001c0fbc80000]
CodeHeap 'profiled nmethods': size=120000Kb used=5302Kb max_used=13250Kb free=114697Kb
 bounds [0x000001c0ecc80000, 0x000001c0ed9d0000, 0x000001c0f41b0000]
CodeHeap 'non-nmethods': size=5760Kb used=1750Kb max_used=1838Kb free=4009Kb
 bounds [0x000001c0f41b0000, 0x000001c0f4420000, 0x000001c0f4750000]
 total_blobs=3769 nmethods=3050 adapters=629
 compilation: enabled
              stopped_count=0, restarted_count=0
 full_count=0

Compilation events (20 events):
Event: 2993.752 Thread 0x000001c0842b1e50 11794   !   3       org.apache.tomcat.util.net.NioEndpoint::setSocketOptions (224 bytes)
Event: 2993.757 Thread 0x000001c0842b1e50 nmethod 11794 0x000001c0ed5cc410 code [0x000001c0ed5cc820, 0x000001c0ed5cf0c0]
Event: 2993.757 Thread 0x000001c0842b1e50 11795       3       sun.nio.ch.SelectionKeyImpl::<init> (15 bytes)
Event: 2993.757 Thread 0x000001c0842b1e50 nmethod 11795 0x000001c0ecfec810 code [0x000001c0ecfec9c0, 0x000001c0ecfeccb0]
Event: 2993.764 Thread 0x000001c0842b1e50 11796       3       org.apache.tomcat.util.net.NioEndpoint$Poller::add (33 bytes)
Event: 2993.765 Thread 0x000001c0842b1e50 nmethod 11796 0x000001c0ed11c910 code [0x000001c0ed11cae0, 0x000001c0ed11ceb0]
Event: 2993.769 Thread 0x000001c0842b1e50 11797       3       java.nio.channels.SelectionKey::attach (9 bytes)
Event: 2993.771 Thread 0x000001c0842b1e50 nmethod 11797 0x000001c0ed607c90 code [0x000001c0ed607f00, 0x000001c0ed608b98]
Event: 2993.771 Thread 0x000001c0842b1e50 11798   !   3       sun.nio.ch.SelectorImpl::register (117 bytes)
Event: 2993.774 Thread 0x000001c0842b1e50 nmethod 11798 0x000001c0ed0bf410 code [0x000001c0ed0bf740, 0x000001c0ed0c0df8]
Event: 2993.774 Thread 0x000001c0842b1e50 11799       3       org.apache.tomcat.util.threads.LimitLatch$Sync::tryReleaseShared (13 bytes)
Event: 2993.774 Thread 0x000001c0842b1e50 nmethod 11799 0x000001c0ed2ecd90 code [0x000001c0ed2ecf20, 0x000001c0ed2ed078]
Event: 2993.774 Thread 0x000001c0842b1e50 11800       3       org.apache.tomcat.util.threads.LimitLatch::getCount (8 bytes)
Event: 2993.775 Thread 0x000001c0842b1e50 nmethod 11800 0x000001c0ed12a810 code [0x000001c0ed12a9a0, 0x000001c0ed12aad8]
Event: 2993.775 Thread 0x000001c0842b1e50 11801       3       org.apache.tomcat.util.net.NioChannel::close (8 bytes)
Event: 2993.775 Thread 0x000001c0842b1e50 nmethod 11801 0x000001c0ed12a310 code [0x000001c0ed12a4a0, 0x000001c0ed12a5e0]
Event: 2993.775 Thread 0x000001c0842b1e50 11802   !   3       sun.nio.ch.SocketChannelImpl::implCloseNonBlockingMode (192 bytes)
Event: 2993.777 Thread 0x000001c0842b1e50 nmethod 11802 0x000001c0eccc7d10 code [0x000001c0eccc8000, 0x000001c0eccc9428]
Event: 2993.777 Thread 0x000001c0842b1e50 11803       3       org.apache.tomcat.util.net.WriteBuffer::clear (8 bytes)
Event: 2993.778 Thread 0x000001c0842b1e50 nmethod 11803 0x000001c0ed171690 code [0x000001c0ed171820, 0x000001c0ed171978]

GC Heap History (20 events):
Event: 2989.942 GC heap before
{Heap before GC invocations=326 (full 0):
 garbage-first heap   total 212992K, used 159379K [0x0000000701a00000, 0x0000000800000000)
  region size 2048K, 62 young (126976K), 1 survivors (2048K)
 Metaspace       used 76076K, committed 76864K, reserved 1179648K
  class space    used 9930K, committed 10304K, reserved 1048576K
}
Event: 2989.944 GC heap after
{Heap after GC invocations=327 (full 0):
 garbage-first heap   total 212992K, used 38736K [0x0000000701a00000, 0x0000000800000000)
  region size 2048K, 2 young (4096K), 2 survivors (4096K)
 Metaspace       used 76076K, committed 76864K, reserved 1179648K
  class space    used 9930K, committed 10304K, reserved 1048576K
}
Event: 2990.300 GC heap before
{Heap before GC invocations=327 (full 0):
 garbage-first heap   total 212992K, used 159568K [0x0000000701a00000, 0x0000000800000000)
  region size 2048K, 62 young (126976K), 2 survivors (4096K)
 Metaspace       used 76076K, committed 76864K, reserved 1179648K
  class space    used 9930K, committed 10304K, reserved 1048576K
}
Event: 2990.302 GC heap after
{Heap after GC invocations=328 (full 0):
 garbage-first heap   total 212992K, used 35729K [0x0000000701a00000, 0x0000000800000000)
  region size 2048K, 1 young (2048K), 1 survivors (2048K)
 Metaspace       used 76076K, committed 76864K, reserved 1179648K
  class space    used 9930K, committed 10304K, reserved 1048576K
}
Event: 2990.807 GC heap before
{Heap before GC invocations=328 (full 0):
 garbage-first heap   total 212992K, used 158609K [0x0000000701a00000, 0x0000000800000000)
  region size 2048K, 62 young (126976K), 1 survivors (2048K)
 Metaspace       used 76076K, committed 76864K, reserved 1179648K
  class space    used 9930K, committed 10304K, reserved 1048576K
}
Event: 2990.809 GC heap after
{Heap after GC invocations=329 (full 0):
 garbage-first heap   total 212992K, used 36846K [0x0000000701a00000, 0x0000000800000000)
  region size 2048K, 1 young (2048K), 1 survivors (2048K)
 Metaspace       used 76076K, committed 76864K, reserved 1179648K
  class space    used 9930K, committed 10304K, reserved 1048576K
}
Event: 2991.246 GC heap before
{Heap before GC invocations=329 (full 0):
 garbage-first heap   total 212992K, used 159726K [0x0000000701a00000, 0x0000000800000000)
  region size 2048K, 62 young (126976K), 1 survivors (2048K)
 Metaspace       used 76076K, committed 76864K, reserved 1179648K
  class space    used 9930K, committed 10304K, reserved 1048576K
}
Event: 2991.247 GC heap after
{Heap after GC invocations=330 (full 0):
 garbage-first heap   total 212992K, used 36714K [0x0000000701a00000, 0x0000000800000000)
  region size 2048K, 1 young (2048K), 1 survivors (2048K)
 Metaspace       used 76076K, committed 76864K, reserved 1179648K
  class space    used 9930K, committed 10304K, reserved 1048576K
}
Event: 2991.717 GC heap before
{Heap before GC invocations=330 (full 0):
 garbage-first heap   total 212992K, used 159594K [0x0000000701a00000, 0x0000000800000000)
  region size 2048K, 62 young (126976K), 1 survivors (2048K)
 Metaspace       used 76076K, committed 76864K, reserved 1179648K
  class space    used 9930K, committed 10304K, reserved 1048576K
}
Event: 2991.719 GC heap after
{Heap after GC invocations=331 (full 0):
 garbage-first heap   total 212992K, used 36785K [0x0000000701a00000, 0x0000000800000000)
  region size 2048K, 1 young (2048K), 1 survivors (2048K)
 Metaspace       used 76076K, committed 76864K, reserved 1179648K
  class space    used 9930K, committed 10304K, reserved 1048576K
}
Event: 2992.149 GC heap before
{Heap before GC invocations=331 (full 0):
 garbage-first heap   total 212992K, used 159665K [0x0000000701a00000, 0x0000000800000000)
  region size 2048K, 62 young (126976K), 1 survivors (2048K)
 Metaspace       used 76076K, committed 76864K, reserved 1179648K
  class space    used 9930K, committed 10304K, reserved 1048576K
}
Event: 2992.150 GC heap after
{Heap after GC invocations=332 (full 0):
 garbage-first heap   total 212992K, used 36562K [0x0000000701a00000, 0x0000000800000000)
  region size 2048K, 1 young (2048K), 1 survivors (2048K)
 Metaspace       used 76076K, committed 76864K, reserved 1179648K
  class space    used 9930K, committed 10304K, reserved 1048576K
}
Event: 2992.547 GC heap before
{Heap before GC invocations=332 (full 0):
 garbage-first heap   total 212992K, used 159442K [0x0000000701a00000, 0x0000000800000000)
  region size 2048K, 62 young (126976K), 1 survivors (2048K)
 Metaspace       used 76076K, committed 76864K, reserved 1179648K
  class space    used 9930K, committed 10304K, reserved 1048576K
}
Event: 2992.548 GC heap after
{Heap after GC invocations=333 (full 0):
 garbage-first heap   total 212992K, used 36711K [0x0000000701a00000, 0x0000000800000000)
  region size 2048K, 1 young (2048K), 1 survivors (2048K)
 Metaspace       used 76076K, committed 76864K, reserved 1179648K
  class space    used 9930K, committed 10304K, reserved 1048576K
}
Event: 2993.044 GC heap before
{Heap before GC invocations=333 (full 0):
 garbage-first heap   total 212992K, used 159591K [0x0000000701a00000, 0x0000000800000000)
  region size 2048K, 62 young (126976K), 1 survivors (2048K)
 Metaspace       used 76078K, committed 76864K, reserved 1179648K
  class space    used 9930K, committed 10304K, reserved 1048576K
}
Event: 2993.046 GC heap after
{Heap after GC invocations=334 (full 0):
 garbage-first heap   total 212992K, used 36429K [0x0000000701a00000, 0x0000000800000000)
  region size 2048K, 1 young (2048K), 1 survivors (2048K)
 Metaspace       used 76078K, committed 76864K, reserved 1179648K
  class space    used 9930K, committed 10304K, reserved 1048576K
}
Event: 2993.283 GC heap before
{Heap before GC invocations=334 (full 0):
 garbage-first heap   total 212992K, used 159309K [0x0000000701a00000, 0x0000000800000000)
  region size 2048K, 62 young (126976K), 1 survivors (2048K)
 Metaspace       used 76085K, committed 76864K, reserved 1179648K
  class space    used 9930K, committed 10304K, reserved 1048576K
}
Event: 2993.285 GC heap after
{Heap after GC invocations=335 (full 0):
 garbage-first heap   total 212992K, used 38065K [0x0000000701a00000, 0x0000000800000000)
  region size 2048K, 2 young (4096K), 2 survivors (4096K)
 Metaspace       used 76085K, committed 76864K, reserved 1179648K
  class space    used 9930K, committed 10304K, reserved 1048576K
}
Event: 2993.524 GC heap before
{Heap before GC invocations=335 (full 0):
 garbage-first heap   total 212992K, used 158897K [0x0000000701a00000, 0x0000000800000000)
  region size 2048K, 62 young (126976K), 2 survivors (4096K)
 Metaspace       used 76105K, committed 76864K, reserved 1179648K
  class space    used 9930K, committed 10304K, reserved 1048576K
}
Event: 2993.525 GC heap after
{Heap after GC invocations=336 (full 0):
 garbage-first heap   total 212992K, used 35239K [0x0000000701a00000, 0x0000000800000000)
  region size 2048K, 1 young (2048K), 1 survivors (2048K)
 Metaspace       used 76105K, committed 76864K, reserved 1179648K
  class space    used 9930K, committed 10304K, reserved 1048576K
}

Dll operation events (14 events):
Event: 0.024 Loaded shared library C:\Program Files\Java\jdk-20\bin\java.dll
Event: 0.049 Loaded shared library C:\Program Files\Java\jdk-20\bin\jsvml.dll
Event: 0.237 Loaded shared library C:\Program Files\Java\jdk-20\bin\zip.dll
Event: 0.243 Loaded shared library C:\Program Files\Java\jdk-20\bin\instrument.dll
Event: 0.251 Loaded shared library C:\Program Files\Java\jdk-20\bin\net.dll
Event: 0.256 Loaded shared library C:\Program Files\Java\jdk-20\bin\nio.dll
Event: 0.262 Loaded shared library C:\Program Files\Java\jdk-20\bin\zip.dll
Event: 0.499 Loaded shared library C:\Program Files\JetBrains\IntelliJ IDEA Community Edition 2023.1.2\bin\breakgen64.dll
Event: 0.517 Loaded shared library C:\Program Files\Java\jdk-20\bin\extnet.dll
Event: 0.579 Loaded shared library C:\Program Files\Java\jdk-20\bin\jimage.dll
Event: 1.122 Loaded shared library C:\Program Files\Java\jdk-20\bin\management.dll
Event: 1.127 Loaded shared library C:\Program Files\Java\jdk-20\bin\management_ext.dll
Event: 6.647 Loaded shared library C:\Program Files\Java\jdk-20\bin\sunmscapi.dll
Event: 8.108 Loaded shared library C:\Program Files\Java\jdk-20\bin\verify.dll

Deoptimization events (20 events):
Event: 2993.267 Thread 0x000001c08e15bd50 DEOPT PACKING pc=0x000001c0f484f388 sp=0x00000097126ff4f0
Event: 2993.267 Thread 0x000001c08e15bd50 DEOPT UNPACKING pc=0x000001c0f4219d22 sp=0x00000097126ff428 mode 2
Event: 2993.309 Thread 0x000001c08d1f2a20 Uncommon trap: trap_request=0xffffff45 fr.pc=0x000001c0f4dbaafc relative=0x000000000000073c
Event: 2993.309 Thread 0x000001c08d1f2a20 Uncommon trap: reason=unstable_if action=reinterpret pc=0x000001c0f4dbaafc method=sun.nio.ch.WEPollSelectorImpl.wakeup()Ljava/nio/channels/Selector; @ 11 c2
Event: 2993.310 Thread 0x000001c08d1f2a20 DEOPT PACKING pc=0x000001c0f4dbaafc sp=0x0000009711dfe220
Event: 2993.310 Thread 0x000001c08d1f2a20 DEOPT UNPACKING pc=0x000001c0f4219d22 sp=0x0000009711dfe110 mode 2
Event: 2993.422 Thread 0x000001c08d1f2a20 DEOPT PACKING pc=0x000001c0f4d5a93c sp=0x0000009711dff410
Event: 2993.422 Thread 0x000001c08d1f2a20 DEOPT UNPACKING pc=0x000001c0f421a4c2 sp=0x0000009711dfe828 mode 0
Event: 2993.423 Thread 0x000001c08d1f0a40 DEOPT PACKING pc=0x000001c0f4d5a93c sp=0x0000009711ffee30
Event: 2993.423 Thread 0x000001c08d1f0a40 DEOPT UNPACKING pc=0x000001c0f421a4c2 sp=0x0000009711ffe248 mode 0
Event: 2993.424 Thread 0x000001c08e1617a0 DEOPT PACKING pc=0x000001c0f4d5a93c sp=0x00000097124ff080
Event: 2993.424 Thread 0x000001c08e1617a0 DEOPT UNPACKING pc=0x000001c0f421a4c2 sp=0x00000097124fe498 mode 0
Event: 2993.442 Thread 0x000001c08e15ed20 Uncommon trap: trap_request=0xffffff45 fr.pc=0x000001c0f4d33a68 relative=0x0000000000000068
Event: 2993.442 Thread 0x000001c08e15ed20 Uncommon trap: reason=unstable_if action=reinterpret pc=0x000001c0f4d33a68 method=org.apache.coyote.Response.isExceptionPresent()Z @ 4 c2
Event: 2993.442 Thread 0x000001c08e15ed20 DEOPT PACKING pc=0x000001c0f4d33a68 sp=0x00000097123fe080
Event: 2993.442 Thread 0x000001c08e15ed20 DEOPT UNPACKING pc=0x000001c0f4219d22 sp=0x00000097123fe008 mode 2
Event: 2993.442 Thread 0x000001c08e15ed20 Uncommon trap: trap_request=0xffffff45 fr.pc=0x000001c0f4d0702c relative=0x000000000000580c
Event: 2993.442 Thread 0x000001c08e15ed20 Uncommon trap: reason=unstable_if action=reinterpret pc=0x000001c0f4d0702c method=org.apache.catalina.connector.OutputBuffer.doFlush(Z)V @ 98 c2
Event: 2993.442 Thread 0x000001c08e15ed20 DEOPT PACKING pc=0x000001c0f4d0702c sp=0x00000097123fe0a0
Event: 2993.442 Thread 0x000001c08e15ed20 DEOPT UNPACKING pc=0x000001c0f4219d22 sp=0x00000097123fdd80 mode 2

Classes loaded (20 events):
Event: 1764.721 Loading class sun/security/ssl/Alert$Level
Event: 1764.721 Loading class sun/security/ssl/Alert$Level done
Event: 2890.542 Loading class java/util/concurrent/locks/ReentrantReadWriteLock$Sync$HoldCounter
Event: 2890.542 Loading class java/util/concurrent/locks/ReentrantReadWriteLock$Sync$HoldCounter done
Event: 2890.781 Loading class sun/util/calendar/JulianCalendar
Event: 2890.781 Loading class sun/util/calendar/JulianCalendar done
Event: 2890.782 Loading class sun/util/calendar/Era
Event: 2890.782 Loading class sun/util/calendar/Era done
Event: 2890.782 Loading class sun/util/calendar/ImmutableGregorianDate
Event: 2890.783 Loading class sun/util/calendar/ImmutableGregorianDate done
Event: 2890.784 Loading class sun/util/calendar/JulianCalendar$Date
Event: 2890.784 Loading class sun/util/calendar/JulianCalendar$Date done
Event: 2890.814 Loading class org/w3c/dom/Node
Event: 2890.815 Loading class org/w3c/dom/Node done
Event: 2890.815 Loading class org/w3c/dom/Document
Event: 2890.815 Loading class org/w3c/dom/Document done
Event: 2911.048 Loading class sun/util/locale/LocaleExtensions
Event: 2911.064 Loading class sun/util/locale/LocaleExtensions done
Event: 2993.421 Loading class sun/net/ConnectionResetException
Event: 2993.421 Loading class sun/net/ConnectionResetException done

Classes unloaded (0 events):
No events

Classes redefined (0 events):
No events

Internal exceptions (20 events):
Event: 2993.695 Thread 0x000001c08a64a2b0 Exception <a 'java/net/SocketException'{0x000000070a5e62d8}: Connection reset by peer: shutdown> (0x000000070a5e62d8) 
thrown [s\open\src\hotspot\share\prims\jni.cpp, line 538]
Event: 2993.699 Thread 0x000001c08e15f7c0 Exception <a 'java/net/SocketException'{0x0000000709c60a08}: Connection reset by peer: shutdown> (0x0000000709c60a08) 
thrown [s\open\src\hotspot\share\prims\jni.cpp, line 538]
Event: 2993.715 Thread 0x000001c08d1f24d0 Exception <a 'java/net/SocketException'{0x000000070a964ca8}: Connection reset by peer: shutdown> (0x000000070a964ca8) 
thrown [s\open\src\hotspot\share\prims\jni.cpp, line 538]
Event: 2993.717 Thread 0x000001c08a64a2b0 Exception <a 'java/net/SocketException'{0x000000070a5e6948}: Connection reset by peer: shutdown> (0x000000070a5e6948) 
thrown [s\open\src\hotspot\share\prims\jni.cpp, line 538]
Event: 2993.719 Thread 0x000001c08e15d290 Exception <a 'java/net/SocketException'{0x0000000709ffae70}: Connection reset by peer: shutdown> (0x0000000709ffae70) 
thrown [s\open\src\hotspot\share\prims\jni.cpp, line 538]
Event: 2993.721 Thread 0x000001c08e15f7c0 Exception <a 'java/net/SocketException'{0x0000000709c61078}: Connection reset by peer: shutdown> (0x0000000709c61078) 
thrown [s\open\src\hotspot\share\prims\jni.cpp, line 538]
Event: 2993.723 Thread 0x000001c08d1f2a20 Exception <a 'java/net/SocketException'{0x00000007092e94c0}: Connection reset by peer: shutdown> (0x00000007092e94c0) 
thrown [s\open\src\hotspot\share\prims\jni.cpp, line 538]
Event: 2993.726 Thread 0x000001c08e1617a0 Exception <a 'java/net/SocketException'{0x00000007092338e0}: Connection reset by peer: shutdown> (0x00000007092338e0) 
thrown [s\open\src\hotspot\share\prims\jni.cpp, line 538]
Event: 2993.739 Thread 0x000001c08e15d290 Exception <a 'java/net/SocketException'{0x0000000709ffb4e0}: Connection reset by peer: shutdown> (0x0000000709ffb4e0) 
thrown [s\open\src\hotspot\share\prims\jni.cpp, line 538]
Event: 2993.740 Thread 0x000001c08e15f7c0 Exception <a 'java/net/SocketException'{0x0000000709c616e8}: Connection reset by peer: shutdown> (0x0000000709c616e8) 
thrown [s\open\src\hotspot\share\prims\jni.cpp, line 538]
Event: 2993.742 Thread 0x000001c08d1f2a20 Exception <a 'java/net/SocketException'{0x00000007092e9b30}: Connection reset by peer: shutdown> (0x00000007092e9b30) 
thrown [s\open\src\hotspot\share\prims\jni.cpp, line 538]
Event: 2993.744 Thread 0x000001c08e1617a0 Exception <a 'java/net/SocketException'{0x0000000709233f50}: Connection reset by peer: shutdown> (0x0000000709233f50) 
thrown [s\open\src\hotspot\share\prims\jni.cpp, line 538]
Event: 2993.747 Thread 0x000001c08d1f24d0 Exception <a 'java/net/SocketException'{0x0000000708bfba80}: Connection reset by peer: shutdown> (0x0000000708bfba80) 
thrown [s\open\src\hotspot\share\prims\jni.cpp, line 538]
Event: 2993.749 Thread 0x000001c08a64a2b0 Exception <a 'java/net/SocketException'{0x000000070818afb0}: Connection reset by peer: shutdown> (0x000000070818afb0) 
thrown [s\open\src\hotspot\share\prims\jni.cpp, line 538]
Event: 2993.763 Thread 0x000001c08d1f2a20 Exception <a 'java/net/SocketException'{0x00000007092ea1a0}: Connection reset by peer: shutdown> (0x00000007092ea1a0) 
thrown [s\open\src\hotspot\share\prims\jni.cpp, line 538]
Event: 2993.766 Thread 0x000001c08e1617a0 Exception <a 'java/net/SocketException'{0x00000007092345c0}: Connection reset by peer: shutdown> (0x00000007092345c0) 
thrown [s\open\src\hotspot\share\prims\jni.cpp, line 538]
Event: 2993.768 Thread 0x000001c08d1f24d0 Exception <a 'java/net/SocketException'{0x0000000708bfc0f0}: Connection reset by peer: shutdown> (0x0000000708bfc0f0) 
thrown [s\open\src\hotspot\share\prims\jni.cpp, line 538]
Event: 2993.770 Thread 0x000001c08a64a2b0 Exception <a 'java/net/SocketException'{0x000000070818b620}: Connection reset by peer: shutdown> (0x000000070818b620) 
thrown [s\open\src\hotspot\share\prims\jni.cpp, line 538]
Event: 2993.772 Thread 0x000001c08e15d290 Exception <a 'java/net/SocketException'{0x0000000707b96c58}: Connection reset by peer: shutdown> (0x0000000707b96c58) 
thrown [s\open\src\hotspot\share\prims\jni.cpp, line 538]
Event: 2993.774 Thread 0x000001c08d1f04f0 Exception <a 'java/net/SocketException'{0x0000000707b18fd0}: Connection reset by peer: shutdown> (0x0000000707b18fd0) 
thrown [s\open\src\hotspot\share\prims\jni.cpp, line 538]

VM Operations (20 events):
Event: 2990.300 Executing VM operation: G1CollectForAllocation
Event: 2990.302 Executing VM operation: G1CollectForAllocation done
Event: 2990.807 Executing VM operation: G1CollectForAllocation
Event: 2990.809 Executing VM operation: G1CollectForAllocation done
Event: 2991.246 Executing VM operation: G1CollectForAllocation
Event: 2991.247 Executing VM operation: G1CollectForAllocation done
Event: 2991.717 Executing VM operation: G1CollectForAllocation
Event: 2991.722 Executing VM operation: G1CollectForAllocation done
Event: 2992.148 Executing VM operation: G1CollectForAllocation
Event: 2992.151 Executing VM operation: G1CollectForAllocation done
Event: 2992.546 Executing VM operation: G1CollectForAllocation
Event: 2992.549 Executing VM operation: G1CollectForAllocation done
Event: 2993.037 Executing VM operation: G1CollectForAllocation
Event: 2993.047 Executing VM operation: G1CollectForAllocation done
Event: 2993.283 Executing VM operation: G1CollectForAllocation
Event: 2993.286 Executing VM operation: G1CollectForAllocation done
Event: 2993.422 Executing VM operation: HandshakeAllThreads
Event: 2993.422 Executing VM operation: HandshakeAllThreads done
Event: 2993.523 Executing VM operation: G1CollectForAllocation
Event: 2993.527 Executing VM operation: G1CollectForAllocation done

Events (20 events):
Event: 2940.231 Thread 0x000001c084277510 flushing nmethod 0x000001c0ecd56710
Event: 2941.940 Thread 0x000001c0893a4060 Thread exited: 0x000001c0893a4060
Event: 2942.216 Thread 0x000001c0893a1f00 Thread exited: 0x000001c0893a1f00
Event: 2942.900 Thread 0x000001c0893a1f00 Thread added: 0x000001c0893a1f00
Event: 2944.112 Thread 0x000001c0893a1f00 Thread exited: 0x000001c0893a1f00
Event: 2946.064 Thread 0x000001c0893a2a20 Thread added: 0x000001c0893a2a20
Event: 2946.285 Thread 0x000001c0893a2a20 Thread exited: 0x000001c0893a2a20
Event: 2947.241 Thread 0x000001c0893a1f00 Thread added: 0x000001c0893a1f00
Event: 2947.806 Thread 0x000001c0893a1f00 Thread exited: 0x000001c0893a1f00
Event: 2947.938 Thread 0x000001c0893a4060 Thread added: 0x000001c0893a4060
Event: 2947.938 Thread 0x000001c0893a1f00 Thread added: 0x000001c0893a1f00
Event: 2948.591 Thread 0x000001c0893a1f00 Thread exited: 0x000001c0893a1f00
Event: 2949.139 Thread 0x000001c08e15d7e0 Thread exited: 0x000001c08e15d7e0
Event: 2953.716 Thread 0x000001c0893a4060 Thread exited: 0x000001c0893a4060
Event: 2961.686 Thread 0x000001c0893a1f00 Thread added: 0x000001c0893a1f00
Event: 2963.389 Thread 0x000001c0893a1f00 Thread exited: 0x000001c0893a1f00
Event: 2970.966 Thread 0x000001c08a64ad50 Thread added: 0x000001c08a64ad50
Event: 2982.869 Thread 0x000001c08a64ad50 Thread exited: 0x000001c08a64ad50
Event: 2993.036 Thread 0x000001c0893a2a20 Thread added: 0x000001c0893a2a20
Event: 2993.610 Thread 0x000001c08a6492c0 Thread added: 0x000001c08a6492c0


Dynamic libraries:
0x00007ff797330000 - 0x00007ff797340000 	C:\Program Files\Java\jdk-20\bin\java.exe
0x00007ffc841b0000 - 0x00007ffc843a8000 	C:\WINDOWS\SYSTEM32\ntdll.dll
0x00007ffc82410000 - 0x00007ffc824cf000 	C:\WINDOWS\System32\KERNEL32.DLL
0x00007ffc81c10000 - 0x00007ffc81f06000 	C:\WINDOWS\System32\KERNELBASE.dll
0x00007ffc82110000 - 0x00007ffc82210000 	C:\WINDOWS\System32\ucrtbase.dll
0x00007ffc7a8b0000 - 0x00007ffc7a8cb000 	C:\Program Files\Java\jdk-20\bin\VCRUNTIME140.dll
0x00007ffc7a8d0000 - 0x00007ffc7a8e9000 	C:\Program Files\Java\jdk-20\bin\jli.dll
0x00007ffc824d0000 - 0x00007ffc8257f000 	C:\WINDOWS\System32\ADVAPI32.dll
0x00007ffc83e80000 - 0x00007ffc83f1e000 	C:\WINDOWS\System32\msvcrt.dll
0x00007ffc840d0000 - 0x00007ffc8416c000 	C:\WINDOWS\System32\sechost.dll
0x00007ffc83fa0000 - 0x00007ffc840c6000 	C:\WINDOWS\System32\RPCRT4.dll
0x00007ffc826b0000 - 0x00007ffc8284d000 	C:\WINDOWS\System32\USER32.dll
0x00007ffc82040000 - 0x00007ffc82062000 	C:\WINDOWS\System32\win32u.dll
0x00007ffc62360000 - 0x00007ffc625fa000 	C:\WINDOWS\WinSxS\amd64_microsoft.windows.common-controls_6595b64144ccf1df_6.0.19041.1110_none_60b5254171f9507e\COMCTL32.dll
0x00007ffc83cd0000 - 0x00007ffc83cfc000 	C:\WINDOWS\System32\GDI32.dll
0x00007ffc81af0000 - 0x00007ffc81c05000 	C:\WINDOWS\System32\gdi32full.dll
0x00007ffc82070000 - 0x00007ffc8210d000 	C:\WINDOWS\System32\msvcp_win.dll
0x00007ffc78450000 - 0x00007ffc7845a000 	C:\WINDOWS\SYSTEM32\VERSION.dll
0x00007ffc83c40000 - 0x00007ffc83c70000 	C:\WINDOWS\System32\IMM32.DLL
0x00007ffc81640000 - 0x00007ffc81743000 	C:\Program Files\Avecto\Privilege Guard Client\PGHook.dll
0x00007ffc7a8a0000 - 0x00007ffc7a8ac000 	C:\Program Files\Java\jdk-20\bin\vcruntime140_1.dll
0x00007ffc77910000 - 0x00007ffc7799e000 	C:\Program Files\Java\jdk-20\bin\msvcp140.dll
0x00007ffc07cf0000 - 0x00007ffc08987000 	C:\Program Files\Java\jdk-20\bin\server\jvm.dll
0x00007ffc600a0000 - 0x00007ffc600a9000 	C:\WINDOWS\SYSTEM32\WSOCK32.dll
0x00007ffc83f20000 - 0x00007ffc83f8b000 	C:\WINDOWS\System32\WS2_32.dll
0x00007ffc64d50000 - 0x00007ffc64d77000 	C:\WINDOWS\SYSTEM32\WINMM.dll
0x00007ffc7fdc0000 - 0x00007ffc7fdd2000 	C:\WINDOWS\SYSTEM32\kernel.appcore.dll
0x00007ffc7a890000 - 0x00007ffc7a89a000 	C:\Program Files\Java\jdk-20\bin\jimage.dll
0x00007ffc7b560000 - 0x00007ffc7b744000 	C:\WINDOWS\SYSTEM32\DBGHELP.DLL
0x00007ffc752f0000 - 0x00007ffc75324000 	C:\WINDOWS\SYSTEM32\dbgcore.DLL
0x00007ffc819f0000 - 0x00007ffc81a72000 	C:\WINDOWS\System32\bcryptPrimitives.dll
0x00007ffc7a880000 - 0x00007ffc7a88e000 	C:\Program Files\Java\jdk-20\bin\instrument.dll
0x00007ffc787f0000 - 0x00007ffc78816000 	C:\Program Files\Java\jdk-20\bin\java.dll
0x00007ffc776c0000 - 0x00007ffc77797000 	C:\Program Files\Java\jdk-20\bin\jsvml.dll
0x00007ffc82850000 - 0x00007ffc82f94000 	C:\WINDOWS\System32\SHELL32.dll
0x00007ffc7ef40000 - 0x00007ffc7f6d4000 	C:\WINDOWS\SYSTEM32\windows.storage.dll
0x00007ffc82fa0000 - 0x00007ffc832f4000 	C:\WINDOWS\System32\combase.dll
0x00007ffc81010000 - 0x00007ffc8103e000 	C:\WINDOWS\SYSTEM32\Wldp.dll
0x00007ffc83dd0000 - 0x00007ffc83e7d000 	C:\WINDOWS\System32\SHCORE.dll
0x00007ffc83c70000 - 0x00007ffc83cc5000 	C:\WINDOWS\System32\shlwapi.dll
0x00007ffc817c0000 - 0x00007ffc817e5000 	C:\WINDOWS\SYSTEM32\profapi.dll
0x00007ffc778f0000 - 0x00007ffc77908000 	C:\Program Files\Java\jdk-20\bin\zip.dll
0x00007ffc77d30000 - 0x00007ffc77d43000 	C:\Program Files\Java\jdk-20\bin\net.dll
0x00007ffc806b0000 - 0x00007ffc807ba000 	C:\WINDOWS\SYSTEM32\WINHTTP.dll
0x00007ffc80df0000 - 0x00007ffc80e5a000 	C:\WINDOWS\system32\mswsock.dll
0x00007ffc77d00000 - 0x00007ffc77d16000 	C:\Program Files\Java\jdk-20\bin\nio.dll
0x00007ffc778d0000 - 0x00007ffc778ea000 	C:\Program Files\JetBrains\IntelliJ IDEA Community Edition 2023.1.2\bin\breakgen64.dll
0x00007ffc778b0000 - 0x00007ffc778b7000 	C:\Program Files\Java\jdk-20\bin\extnet.dll
0x00007ffc778a0000 - 0x00007ffc778aa000 	C:\Program Files\Java\jdk-20\bin\management.dll
0x00007ffc77890000 - 0x00007ffc7789b000 	C:\Program Files\Java\jdk-20\bin\management_ext.dll
0x00007ffc83f90000 - 0x00007ffc83f98000 	C:\WINDOWS\System32\PSAPI.DLL
0x00007ffc80b00000 - 0x00007ffc80b3c000 	C:\WINDOWS\SYSTEM32\IPHLPAPI.DLL
0x00007ffc83c30000 - 0x00007ffc83c38000 	C:\WINDOWS\System32\NSI.dll
0x00007ffc77b70000 - 0x00007ffc77b87000 	C:\WINDOWS\SYSTEM32\dhcpcsvc6.DLL
0x00007ffc77b50000 - 0x00007ffc77b6d000 	C:\WINDOWS\SYSTEM32\dhcpcsvc.DLL
0x00007ffc80b90000 - 0x00007ffc80c5a000 	C:\WINDOWS\SYSTEM32\DNSAPI.dll
0x00007ffc75830000 - 0x00007ffc7583a000 	C:\Windows\System32\rasadhlp.dll
0x00007ffc783c0000 - 0x00007ffc78442000 	C:\WINDOWS\System32\fwpuclnt.dll
0x00007ffc81f10000 - 0x00007ffc81f37000 	C:\WINDOWS\System32\bcrypt.dll
0x00007ffc810c0000 - 0x00007ffc810d8000 	C:\WINDOWS\SYSTEM32\CRYPTSP.dll
0x00007ffc80620000 - 0x00007ffc80654000 	C:\WINDOWS\system32\rsaenh.dll
0x00007ffc81510000 - 0x00007ffc8153e000 	C:\WINDOWS\SYSTEM32\USERENV.dll
0x00007ffc80f80000 - 0x00007ffc80f8c000 	C:\WINDOWS\SYSTEM32\CRYPTBASE.dll
0x00007ffc77880000 - 0x00007ffc7788e000 	C:\Program Files\Java\jdk-20\bin\sunmscapi.dll
0x00007ffc81890000 - 0x00007ffc819ee000 	C:\WINDOWS\System32\CRYPT32.dll
0x00007ffc81080000 - 0x00007ffc810a8000 	C:\WINDOWS\SYSTEM32\ncrypt.dll
0x00007ffc81040000 - 0x00007ffc8107b000 	C:\WINDOWS\SYSTEM32\NTASN1.dll
0x00007ffc787e0000 - 0x00007ffc787f0000 	C:\Program Files\Java\jdk-20\bin\verify.dll
0x00007ffc78ab0000 - 0x00007ffc78ab7000 	C:\WINDOWS\system32\wshunix.dll

dbghelp: loaded successfully - version: 4.0.5 - missing functions: none
symbol engine: initialized successfully - sym options: 0x614 - pdb path: .;C:\Program Files\Java\jdk-20\bin;C:\WINDOWS\SYSTEM32;C:\WINDOWS\WinSxS\amd64_microsoft.windows.common-controls_6595b64144ccf1df_6.0.19041.1110_none_60b5254171f9507e;C:\Program Files\Avecto\Privilege Guard Client;C:\Program Files\Java\jdk-20\bin\server;C:\Program Files\JetBrains\IntelliJ IDEA Community Edition 2023.1.2\bin

VM Arguments:
jvm_args: -javaagent:C:\Program Files\JetBrains\IntelliJ IDEA Community Edition 2023.1.2\lib\idea_rt.jar=49979:C:\Program Files\JetBrains\IntelliJ IDEA Community Edition 2023.1.2\bin -Dfile.encoding=UTF-8 -Dsun.stdout.encoding=UTF-8 -Dsun.stderr.encoding=UTF-8 
java_command: com.product.ProductServcie.ProductServcieApplication
java_class_path (initial): C:\Users\p1357981\Desktop\backend_badmaash\Product-Servcie\target\classes;C:\Users\p1357981\.m2\repository\org\springframework\boot\spring-boot-starter-data-jpa\3.1.1\spring-boot-starter-data-jpa-3.1.1.jar;C:\Users\p1357981\.m2\repository\org\springframework\boot\spring-boot-starter-aop\3.1.1\spring-boot-starter-aop-3.1.1.jar;C:\Users\p1357981\.m2\repository\org\springframework\spring-aop\6.0.10\spring-aop-6.0.10.jar;C:\Users\p1357981\.m2\repository\org\aspectj\aspectjweaver\1.9.19\aspectjweaver-1.9.19.jar;C:\Users\p1357981\.m2\repository\org\springframework\boot\spring-boot-starter-jdbc\3.1.1\spring-boot-starter-jdbc-3.1.1.jar;C:\Users\p1357981\.m2\repository\com\zaxxer\HikariCP\5.0.1\HikariCP-5.0.1.jar;C:\Users\p1357981\.m2\repository\org\springframework\spring-jdbc\6.0.10\spring-jdbc-6.0.10.jar;C:\Users\p1357981\.m2\repository\org\hibernate\orm\hibernate-core\6.2.5.Final\hibernate-core-6.2.5.Final.jar;C:\Users\p1357981\.m2\repository\jakarta\persistence\jakarta.persistence-api\3.1.0\jakarta.persistence-api-3.1.0.jar;C:\Users\p1357981\.m2\repository\jakarta\transaction\jakarta.transaction-api\2.0.1\jakarta.transaction-api-2.0.1.jar;C:\Users\p1357981\.m2\repository\org\jboss\logging\jboss-logging\3.5.1.Final\jboss-logging-3.5.1.Final.jar;C:\Users\p1357981\.m2\repository\org\hibernate\common\hibernate-commons-annotations\6.0.6.Final\hibernate-commons-annotations-6.0.6.Final.jar;C:\Users\p1357981\.m2\repository\io\smallrye\jandex\3.0.5\jandex-3.0.5.jar;C:\Users\p1357981\.m2\repository\com\fasterxml\classmate\1.5.1\classmate-1.5.1.jar;C:\Users\p1357981\.m2\repository\net\bytebuddy\byte-buddy\1.14.5\byte-buddy-1.14.5.jar;C:\Users\p1357981\.m2\repository\org\glassfish\jaxb\jaxb-runtime\4.0.3\jaxb-runtime-4.0.3.jar;C:\Users\p1357981\.m2\repository\org\glassfish\jaxb\jaxb-core\4.0.3\jaxb-core-4.0.3.jar;C:\Users\p1357981\.m2\repository\org\eclipse\angus\angus-activation\2.0.1\angus-activation-2.0.1.jar;C:\Users\p1357981\.m2\repository\org\glassfish\jaxb\txw2\4.0.3\txw2-4.0.3.jar;C:\Users\p1357981\.m2\repository\com\sun\istack\istack-commons-runtime\4.1.2\istack-commons-runtime-4.1.2.jar;C:\Users\p1357981\.m2\repository\jakarta\inject\jakarta.inject-api\2.0.1\jakarta.inject-api-2.0.1.jar;C:\Users\p1357981\.m2\repository\org\antlr\antlr4-runtime\4.10.1\antlr4-runtime-4.10.1.jar;C:\Users\p1357981\.m2\repository\org\springframework\data\spring-data-jpa\3.1.1\spring-data-jpa-3.1.1.jar;C:\Users\p1357981\.m2\repository\org\springframework\data\spring-data-commons\3.1.1\spring-data-commons-3.1.1.jar;C:\Users\p1357981\.m2\repository\org\springframework\spring-orm\6.0.10\spring-orm-6.0.10.jar;C:\Users\p1357981\.m2\repository\org\springframework\spring-context\6.0.10\spring-context-6.0.10.jar;C:\Users\p1357981\.m2\repository\org\springframework\spring-tx\6.0.10\spring-tx-6.0.10.jar;C:\Users\p1357981\.m2\repository\org\springframework\spring-beans\6.0.10\spring-beans-6.0.10.jar;C:\Users\p1357981\.m2\repository\jakarta\annotation\jakarta.annotation-api\2.1.1\jakarta.annotation-api-2.1.1.jar;C:\Users\p1357981\.m2\repository\org\slf4j\slf4j-api\2.0.7\slf4j-api-2.0.7.jar;C:\Users\p1357981\.m2\repository\org\springframework\spring-aspects\6.0.10\spring-aspects-6.0.10.jar;C:\Users\p1357981\.m2\repository\org\springframework\boot\spring-boot-starter-web\3.1.1\spring-boot-starter-web-3.1.1.jar;C:\Users\p1357981\.m2\repository\org\springframework\boot\spring-boot-starter\3.1.1\spring-boot-starter-3.1.1.jar;C:\Users\p1357981\.m2\repository\org\springframework\boot\spring-boot-starter-logging\3.1.1\spring-boot-starter-logging-3.1.1.jar;C:\Users\p1357981\.m2\repository\ch\qos\logback\logback-classic\1.4.8\logback-classic-1.4.8.jar;C:\Users\p1357981\.m2\repository\ch\qos\logback\logback-core\1.4.8\logback-core-1.4.8.jar;C:\Users\p1357981\.m2\repository\org\apache\logging\log4j\log4j-to-slf4j\2.20.0\log4j-to-slf4j-2.20.0.jar;C:\Users\p1357981\.m2\repository\org\apache\logging\log4j\log4j-api\2.20.0\log4j-api-2.20.0.jar;C:\Users\p1357981\.m2\repository\org\slf4j\jul-to-slf4j\2.0.7\jul-to-slf4j-2.0.7.jar;C:\Users\p1357981\.m2\repository\org\yaml\snakeyaml\1.33\snakeyaml-1.33.jar;C:\Users\p1357981\.m2\repository\org\springframework\boot\spring-boot-starter-json\3.1.1\spring-boot-starter-json-3.1.1.jar;C:\Users\p1357981\.m2\repository\com\fasterxml\jackson\core\jackson-databind\2.15.2\jackson-databind-2.15.2.jar;C:\Users\p1357981\.m2\repository\com\fasterxml\jackson\core\jackson-annotations\2.15.2\jackson-annotations-2.15.2.jar;C:\Users\p1357981\.m2\repository\com\fasterxml\jackson\core\jackson-core\2.15.2\jackson-core-2.15.2.jar;C:\Users\p1357981\.m2\repository\com\fasterxml\jackson\datatype\jackson-datatype-jdk8\2.15.2\jackson-datatype-jdk8-2.15.2.jar;C:\Users\p1357981\.m2\repository\com\fasterxml\jackson\datatype\jackson-datatype-jsr310\2.15.2\jackson-datatype-jsr310-2.15.2.jar;C:\Users\p1357981\.m2\repository\com\fasterxml\jackson\module\jackson-module-parameter-names\2.15.2\jackson-module-parameter-names-2.15.2.jar;C:\Users\p1357981\.m2\repository\org\springframework\boot\spring-boot-starter-tomcat\3.1.1\spring-boot-starter-tomcat-3.1.1.jar;C:\Users\p1357981\.m2\repository\org\apache\tomcat\embed\tomcat-embed-core\10.1.10\tomcat-embed-core-10.1.10.jar;C:\Users\p1357981\.m2\repository\org\apache\tomcat\embed\tomcat-embed-el\10.1.10\tomcat-embed-el-10.1.10.jar;C:\Users\p1357981\.m2\repository\org\apache\tomcat\embed\tomcat-embed-websocket\10.1.10\tomcat-embed-websocket-10.1.10.jar;C:\Users\p1357981\.m2\repository\org\springframework\spring-web\6.0.10\spring-web-6.0.10.jar;C:\Users\p1357981\.m2\repository\io\micrometer\micrometer-observation\1.11.1\micrometer-observation-1.11.1.jar;C:\Users\p1357981\.m2\repository\io\micrometer\micrometer-commons\1.11.1\micrometer-commons-1.11.1.jar;C:\Users\p1357981\.m2\repository\org\springframework\spring-webmvc\6.0.10\spring-webmvc-6.0.10.jar;C:\Users\p1357981\.m2\repository\org\springframework\spring-expression\6.0.10\spring-expression-6.0.10.jar;C:\Users\p1357981\.m2\repository\org\springframework\cloud\spring-cloud-starter-openfeign\4.0.3\spring-cloud-starter-openfeign-4.0.3.jar;C:\Users\p1357981\.m2\repository\org\springframework\cloud\spring-cloud-starter\4.0.3\spring-cloud-starter-4.0.3.jar;C:\Users\p1357981\.m2\repository\org\springframework\cloud\spring-cloud-context\4.0.3\spring-cloud-context-4.0.3.jar;C:\Users\p1357981\.m2\repository\org\springframework\security\spring-security-rsa\1.0.11.RELEASE\spring-security-rsa-1.0.11.RELEASE.jar;C:\Users\p1357981\.m2\repository\org\bouncycastle\bcpkix-jdk15on\1.69\bcpkix-jdk15on-1.69.jar;C:\Users\p1357981\.m2\repository\org\bouncycastle\bcprov-jdk15on\1.69\bcprov-jdk15on-1.69.jar;C:\Users\p1357981\.m2\repository\org\bouncycastle\bcutil-jdk15on\1.69\bcutil-jdk15on-1.69.jar;C:\Users\p1357981\.m2\repository\org\springframework\cloud\spring-cloud-openfeign-core\4.0.3\spring-cloud-openfeign-core-4.0.3.jar;C:\Users\p1357981\.m2\repository\io\github\openfeign\form\feign-form-spring\3.8.0\feign-form-spring-3.8.0.jar;C:\Users\p1357981\.m2\repository\io\github\openfeign\form\feign-form\3.8.0\feign-form-3.8.0.jar;C:\Users\p1357981\.m2\repository\commons-fileupload\commons-fileupload\1.4\commons-fileupload-1.4.jar;C:\Users\p1357981\.m2\repository\org\springframework\cloud\spring-cloud-commons\4.0.3\spring-cloud-commons-4.0.3.jar;C:\Users\p1357981\.m2\repository\org\springframework\security\spring-security-crypto\6.1.1\spring-security-crypto-6.1.1.jar;C:\Users\p1357981\.m2\repository\io\github\openfeign\feign-core\12.3\feign-core-12.3.jar;C:\Users\p1357981\.m2\repository\io\github\openfeign\feign-slf4j\12.3\feign-slf4j-12.3.jar;C:\Users\p1357981\.m2\repository\org\springframework\boot\spring-boot-devtools\3.1.1\spring-boot-devtools-3.1.1.jar;C:\Users\p1357981\.m2\repository\org\springframework\boot\spring-boot\3.1.1\spring-boot-3.1.1.jar;C:\Users\p1357981\.m2\repository\org\springframework\boot\spring-boot-autoconfigure\3.1.1\spring-boot-autoconfigure-3.1.1.jar;C:\Users\p1357981\.m2\repository\com\mysql\mysql-connector-j\8.0.33\mysql-connector-j-8.0.33.jar;C:\Users\p1357981\.m2\repository\org\projectlombok\lombok\1.18.28\lombok-1.18.28.jar;C:\Users\p1357981\.m2\repository\jakarta\xml\bind\jakarta.xml.bind-api\4.0.0\jakarta.xml.bind-api-4.0.0.jar;C:\Users\p1357981\.m2\repository\jakarta\activation\jakarta.activation-api\2.1.2\jakarta.activation-api-2.1.2.jar;C:\Users\p1357981\.m2\repository\org\springframework\spring-core\6.0.10\spring-core-6.0.10.jar;C:\Users\p1357981\.m2\repository\org\springframework\spring-jcl\6.0.10\spring-jcl-6.0.10.jar
Launcher Type: SUN_STANDARD

[Global flags]
     intx CICompilerCount                          = 4                                         {product} {ergonomic}
     uint ConcGCThreads                            = 2                                         {product} {ergonomic}
     uint G1ConcRefinementThreads                  = 8                                         {product} {ergonomic}
   size_t G1HeapRegionSize                         = 2097152                                   {product} {ergonomic}
    uintx GCDrainStackTargetSize                   = 64                                        {product} {ergonomic}
   size_t InitialHeapSize                          = 268435456                                 {product} {ergonomic}
   size_t MarkStackSize                            = 4194304                                   {product} {ergonomic}
   size_t MaxHeapSize                              = 4267704320                                {product} {ergonomic}
   size_t MaxNewSize                               = 2560622592                                {product} {ergonomic}
   size_t MinHeapDeltaBytes                        = 2097152                                   {product} {ergonomic}
   size_t MinHeapSize                              = 8388608                                   {product} {ergonomic}
    uintx NonNMethodCodeHeapSize                   = 5839372                                {pd product} {ergonomic}
    uintx NonProfiledCodeHeapSize                  = 122909434                              {pd product} {ergonomic}
    uintx ProfiledCodeHeapSize                     = 122909434                              {pd product} {ergonomic}
    uintx ReservedCodeCacheSize                    = 251658240                              {pd product} {ergonomic}
     bool SegmentedCodeCache                       = true                                      {product} {ergonomic}
   size_t SoftMaxHeapSize                          = 4267704320                             {manageable} {ergonomic}
     bool UseCompressedClassPointers               = true                           {product lp64_product} {ergonomic}
     bool UseCompressedOops                        = true                           {product lp64_product} {ergonomic}
     bool UseG1GC                                  = true                                      {product} {ergonomic}
     bool UseLargePagesIndividualAllocation        = false                                  {pd product} {ergonomic}

Logging:
Log output configuration:
 #0: stdout all=warning uptime,level,tags foldmultilines=false
 #1: stderr all=off uptime,level,tags foldmultilines=false

Environment Variables:
PATH=C:\Program Files\Common Files\Oracle\Java\javapath;C:\WINDOWS\system32;C:\WINDOWS;C:\WINDOWS\System32\Wbem;C:\WINDOWS\System32\WindowsPowerShell\v1.0\;C:\WINDOWS\System32\OpenSSH\;C:\Program Files\nodejs\;C:\Program Files\Java\jdk-20\bin;C:\Program Files\Java\jdk-20;C:\Program Files (x86)\Microsoft SQL Server\160\Tools\Binn\;C:\Program Files\Microsoft SQL Server\160\Tools\Binn\;C:\Program Files\Microsoft SQL Server\Client SDK\ODBC\170\Tools\Binn\;C:\Program Files\Microsoft SQL Server\160\DTS\Binn\;C:\Program Files\MongoDB\Server\6.0\bin;C:\Program Files (x86)\Intel\Intel(R) Management Engine Components\DAL;C:\Program Files\Intel\Intel(R) Management Engine Components\DAL;C:\Users\p1357981\AppData\Local\Microsoft\WindowsApps;C:\Users\p1357981\AppData\Local\Programs\Microsoft VS Code\bin;C:\Users\p1357981\AppData\Roaming\npm;C:\Program Files\JetBrains\IntelliJ IDEA Community Edition 2023.1.2\bin;;C:\Users\p1357981\AppData\Local\Programs\Git\cmd
USERNAME=P1357981
OS=Windows_NT
PROCESSOR_IDENTIFIER=Intel64 Family 6 Model 142 Stepping 10, GenuineIntel
TMP=C:\Users\p1357981\AppData\Local\Temp
TEMP=C:\Users\p1357981\AppData\Local\Temp




---------------  S Y S T E M  ---------------

OS:
 Windows 10 , 64 bit Build 19041 (10.0.19041.3155)
OS uptime: 2 days 16:02 hours
Hyper-V role detected

CPU: total 8 (initial active 8) (4 cores per cpu, 2 threads per core) family 6 model 142 stepping 10 microcode 0xf0, cx8, cmov, fxsr, ht, mmx, 3dnowpref, sse, sse2, sse3, ssse3, sse4.1, sse4.2, popcnt, lzcnt, tsc, tscinvbit, avx, avx2, aes, erms, clmul, bmi1, bmi2, adx, fma, vzeroupper, clflush, clflushopt, hv, rdtscp, f16c

Memory: 4k page, system-wide physical 16275M (1554M free)
TotalPageFile size 44860M (AvailPageFile size 0M)
current process WorkingSet (physical memory assigned to process): 424M, peak: 478M
current process commit charge ("private bytes"): 467M, peak: 534M

vm_info: Java HotSpot(TM) 64-Bit Server VM (20.0.1+9-29) for windows-amd64 JRE (20.0.1+9-29), built on 2023-03-07T13:56:11Z by "mach5one" with MS VC++ 17.1 (VS2022)

END.
